09:32:32 **** Build of configuration Debug for project 01_test ****
make all 
Building file: ../main.c
Invoking: AVR Compiler
avr-gcc -Wall -g2 -gstabs -O0 -fpack-struct -fshort-enums -ffunction-sections -fdata-sections -std=gnu99 -funsigned-char -funsigned-bitfields -mmcu=atmega32 -DF_CPU=8000000UL -MMD -MP -MF"main.d" -MT"main.o" -c -o "main.o" "../main.c"
Finished building: ../main.c
 
Building target: 01_test.elf
Invoking: AVR C Linker
avr-gcc -Wl,-Map,01_test.map -mmcu=atmega32 -o "01_test.elf"  ./main.o   
Finished building target: 01_test.elf
 
Invoking: AVR Create Extended Listing
avr-objdump -h -S 01_test.elf  >"01_test.lss"
Finished building: 01_test.lss
 
Create Flash image (ihex format)
avr-objcopy -R .eeprom -R .fuse -R .lock -R .signature -O ihex 01_test.elf  "01_test.hex"
Finished building: 01_test.hex
 
Invoking: Print Size
avr-size --format=avr --mcu=atmega32 01_test.elf
AVR Memory Usage
----------------
Device: atmega32

Program:     122 bytes (0.4% Full)
(.text + .data + .bootloader)

Data:          0 bytes (0.0% Full)
(.data + .bss + .noinit)


Finished building: sizedummy
 
09:36:47 **** Incremental Build of configuration Debug for project 01_test ****
make all 
Invoking: Print Size
avr-size --format=avr --mcu=atmega32 01_test.elf
AVR Memory Usage
----------------
Device: atmega32

Program:     122 bytes (0.4% Full)
(.text + .data + .bootloader)

Data:          0 bytes (0.0% Full)
(.data + .bss + .noinit)


Finished building: sizedummy
 
10:05:57 **** Incremental Build of configuration Debug for project 01_test ****
make all 
Invoking: Print Size
avr-size --format=avr --mcu=atmega32 01_test.elf
AVR Memory Usage
----------------
Device: atmega32

Program:     122 bytes (0.4% Full)
(.text + .data + .bootloader)

Data:          0 bytes (0.0% Full)
(.data + .bss + .noinit)


Finished building: sizedummy
 
12:17:43 **** Build of configuration Debug for project 01_test ****
make all 
Building file: ../main.c
Invoking: AVR Compiler
avr-gcc -Wall -g2 -gstabs -O0 -fpack-struct -fshort-enums -ffunction-sections -fdata-sections -std=gnu99 -funsigned-char -funsigned-bitfields -mmcu=atmega32 -DF_CPU=8000000UL -MMD -MP -MF"main.d" -MT"main.o" -c -o "main.o" "../main.c"
Finished building: ../main.c
 
Building target: 01_test.elf
Invoking: AVR C Linker
avr-gcc -Wl,-Map,01_test.map -mmcu=atmega32 -o "01_test.elf"  ./main.o   
Finished building target: 01_test.elf
 
Invoking: AVR Create Extended Listing
avr-objdump -h -S 01_test.elf  >"01_test.lss"
Finished building: 01_test.lss
 
Create Flash image (ihex format)
avr-objcopy -R .eeprom -R .fuse -R .lock -R .signature -O ihex 01_test.elf  "01_test.hex"
Finished building: 01_test.hex
 
Invoking: Print Size
avr-size --format=avr --mcu=atmega32 01_test.elf
AVR Memory Usage
----------------
Device: atmega32

Program:     150 bytes (0.5% Full)
(.text + .data + .bootloader)

Data:          0 bytes (0.0% Full)
(.data + .bss + .noinit)


Finished building: sizedummy
 
12:25:11 **** Incremental Build of configuration Debug for project 01_test ****
make all 
Building file: ../main.c
Invoking: AVR Compiler
avr-gcc -Wall -g2 -gstabs -O0 -fpack-struct -fshort-enums -ffunction-sections -fdata-sections -std=gnu99 -funsigned-char -funsigned-bitfields -mmcu=atmega32 -DF_CPU=8000000UL -MMD -MP -MF"main.d" -MT"main.o" -c -o "main.o" "../main.c"
In file included from ../main.c:10:
d:/iti es basics/softwares/01- imt sdk/imt_sdk_win_32/winavr/lib/gcc/../../avr/include/util/delay.h:90:3: warning: #warning "Compiler optimizations disabled; functions from <util/delay.h> won't work as designed"
Finished building: ../main.c
 
Building target: 01_test.elf
Invoking: AVR C Linker
avr-gcc -Wl,-Map,01_test.map -mmcu=atmega32 -o "01_test.elf"  ./main.o   
Finished building target: 01_test.elf
 
Invoking: AVR Create Extended Listing
avr-objdump -h -S 01_test.elf  >"01_test.lss"
Finished building: 01_test.lss
 
Create Flash image (ihex format)
avr-objcopy -R .eeprom -R .fuse -R .lock -R .signature -O ihex 01_test.elf  "01_test.hex"
Finished building: 01_test.hex
 
Invoking: Print Size
avr-size --format=avr --mcu=atmega32 01_test.elf
AVR Memory Usage
----------------
Device: atmega32

Program:    3284 bytes (10.0% Full)
(.text + .data + .bootloader)

Data:          8 bytes (0.4% Full)
(.data + .bss + .noinit)


Finished building: sizedummy
 
12:32:07 **** Incremental Build of configuration Debug for project 01_test ****
make all 
Building file: ../main.c
Invoking: AVR Compiler
avr-gcc -Wall -g2 -gstabs -O0 -fpack-struct -fshort-enums -ffunction-sections -fdata-sections -std=gnu99 -funsigned-char -funsigned-bitfields -mmcu=atmega32 -DF_CPU=8000000UL -MMD -MP -MF"main.d" -MT"main.o" -c -o "main.o" "../main.c"
In file included from ../main.c:10:
d:/iti es basics/softwares/01- imt sdk/imt_sdk_win_32/winavr/lib/gcc/../../avr/include/util/delay.h:90:3: warning: #warning "Compiler optimizations disabled; functions from <util/delay.h> won't work as designed"
Finished building: ../main.c
 
Building target: 01_test.elf
Invoking: AVR C Linker
avr-gcc -Wl,-Map,01_test.map -mmcu=atmega32 -o "01_test.elf"  ./main.o   
Finished building target: 01_test.elf
 
Invoking: AVR Create Extended Listing
avr-objdump -h -S 01_test.elf  >"01_test.lss"
Finished building: 01_test.lss
 
Create Flash image (ihex format)
avr-objcopy -R .eeprom -R .fuse -R .lock -R .signature -O ihex 01_test.elf  "01_test.hex"
Finished building: 01_test.hex
 
Invoking: Print Size
avr-size --format=avr --mcu=atmega32 01_test.elf
AVR Memory Usage
----------------
Device: atmega32

Program:    3284 bytes (10.0% Full)
(.text + .data + .bootloader)

Data:          8 bytes (0.4% Full)
(.data + .bss + .noinit)


Finished building: sizedummy
 
13:23:49 **** Incremental Build of configuration Debug for project 01_test ****
make all 
Invoking: Print Size
avr-size --format=avr --mcu=atmega32 01_test.elf
AVR Memory Usage
----------------
Device: atmega32

Program:    3284 bytes (10.0% Full)
(.text + .data + .bootloader)

Data:          8 bytes (0.4% Full)
(.data + .bss + .noinit)


Finished building: sizedummy
 
13:23:50 **** Build of configuration Debug for project traffic_light_with_7seg ****
make all 
Building file: ../main.c
Invoking: AVR Compiler
avr-gcc -Wall -g2 -gstabs -O0 -fpack-struct -fshort-enums -ffunction-sections -fdata-sections -std=gnu99 -funsigned-char -funsigned-bitfields -mmcu=atmega16 -DF_CPU=1000000UL -MMD -MP -MF"main.d" -MT"main.o" -c -o "main.o" "../main.c"
Finished building: ../main.c
 
Building target: traffic_light_with_7seg.elf
Invoking: AVR C Linker
avr-gcc -Wl,-Map,traffic_light_with_7seg.map -mmcu=atmega16 -o "traffic_light_with_7seg.elf"  ./main.o   
d:/iti es basics/softwares/01- imt sdk/imt_sdk_win_32/winavr/bin/../lib/gcc/avr/4.3.3/../../../../avr/lib/avr5/crtm16.o:(.init9+0x0): undefined reference to `main'
make: *** [traffic_light_with_7seg.elf] Error 1
13:33:29 **** Incremental Build of configuration Debug for project 01_test ****
make all 
Invoking: Print Size
avr-size --format=avr --mcu=atmega32 01_test.elf
AVR Memory Usage
----------------
Device: atmega32

Program:    3284 bytes (10.0% Full)
(.text + .data + .bootloader)

Data:          8 bytes (0.4% Full)
(.data + .bss + .noinit)


Finished building: sizedummy
 
13:33:31 **** Incremental Build of configuration Debug for project traffic_light_with_7seg ****
make all 
Building file: ../main.c
Invoking: AVR Compiler
avr-gcc -Wall -g2 -gstabs -O0 -fpack-struct -fshort-enums -ffunction-sections -fdata-sections -std=gnu99 -funsigned-char -funsigned-bitfields -mmcu=atmega16 -DF_CPU=1000000UL -MMD -MP -MF"main.d" -MT"main.o" -c -o "main.o" "../main.c"
In file included from ../main.c:9:
d:/iti es basics/softwares/01- imt sdk/imt_sdk_win_32/winavr/lib/gcc/../../avr/include/util/delay.h:90:3: warning: #warning "Compiler optimizations disabled; functions from <util/delay.h> won't work as designed"
Finished building: ../main.c
 
Building target: traffic_light_with_7seg.elf
Invoking: AVR C Linker
avr-gcc -Wl,-Map,traffic_light_with_7seg.map -mmcu=atmega16 -o "traffic_light_with_7seg.elf"  ./main.o   
Finished building target: traffic_light_with_7seg.elf
 
Invoking: AVR Create Extended Listing
avr-objdump -h -S traffic_light_with_7seg.elf  >"traffic_light_with_7seg.lss"
Finished building: traffic_light_with_7seg.lss
 
Invoking: Print Size
avr-size --format=avr --mcu=atmega16 traffic_light_with_7seg.elf
AVR Memory Usage
----------------
Device: atmega16

Program:    5068 bytes (30.9% Full)
(.text + .data + .bootloader)

Data:          8 bytes (0.8% Full)
(.data + .bss + .noinit)


Finished building: sizedummy
 
13:35:14 **** Incremental Build of configuration Debug for project 01_test ****
make all 
Invoking: Print Size
avr-size --format=avr --mcu=atmega32 01_test.elf
AVR Memory Usage
----------------
Device: atmega32

Program:    3284 bytes (10.0% Full)
(.text + .data + .bootloader)

Data:          8 bytes (0.4% Full)
(.data + .bss + .noinit)


Finished building: sizedummy
 
13:35:15 **** Clean-only build of configuration Debug for project traffic_light_with_7seg ****
make clean 
rm -rf  ./main.o  sizedummy  traffic_light_with_7seg.lss  ./main.d  traffic_light_with_7seg.elf
 
13:35:18 **** Incremental Build of configuration Debug for project traffic_light_with_7seg ****
make all 
Building file: ../main.c
Invoking: AVR Compiler
avr-gcc -Wall -g2 -gstabs -O0 -fpack-struct -fshort-enums -ffunction-sections -fdata-sections -std=gnu99 -funsigned-char -funsigned-bitfields -mmcu=atmega32 -DF_CPU=8000000UL -MMD -MP -MF"main.d" -MT"main.o" -c -o "main.o" "../main.c"
In file included from ../main.c:9:
d:/iti es basics/softwares/01- imt sdk/imt_sdk_win_32/winavr/lib/gcc/../../avr/include/util/delay.h:90:3: warning: #warning "Compiler optimizations disabled; functions from <util/delay.h> won't work as designed"
Finished building: ../main.c
 
Building target: traffic_light_with_7seg.elf
Invoking: AVR C Linker
avr-gcc -Wl,-Map,traffic_light_with_7seg.map -mmcu=atmega32 -o "traffic_light_with_7seg.elf"  ./main.o   
Finished building target: traffic_light_with_7seg.elf
 
Invoking: AVR Create Extended Listing
avr-objdump -h -S traffic_light_with_7seg.elf  >"traffic_light_with_7seg.lss"
Finished building: traffic_light_with_7seg.lss
 
Create Flash image (ihex format)
avr-objcopy -R .eeprom -R .fuse -R .lock -R .signature -O ihex traffic_light_with_7seg.elf  "traffic_light_with_7seg.hex"
Finished building: traffic_light_with_7seg.hex
 
Invoking: Print Size
avr-size --format=avr --mcu=atmega32 traffic_light_with_7seg.elf
AVR Memory Usage
----------------
Device: atmega32

Program:    5068 bytes (15.5% Full)
(.text + .data + .bootloader)

Data:          8 bytes (0.4% Full)
(.data + .bss + .noinit)


Finished building: sizedummy
 
13:46:25 **** Incremental Build of configuration Debug for project 01_test ****
make all 
Invoking: Print Size
avr-size --format=avr --mcu=atmega32 01_test.elf
AVR Memory Usage
----------------
Device: atmega32

Program:    3284 bytes (10.0% Full)
(.text + .data + .bootloader)

Data:          8 bytes (0.4% Full)
(.data + .bss + .noinit)


Finished building: sizedummy
 
13:46:27 **** Incremental Build of configuration Debug for project traffic_light_with_7seg ****
make all 
Building file: ../main.c
Invoking: AVR Compiler
avr-gcc -Wall -g2 -gstabs -O0 -fpack-struct -fshort-enums -ffunction-sections -fdata-sections -std=gnu99 -funsigned-char -funsigned-bitfields -mmcu=atmega32 -DF_CPU=8000000UL -MMD -MP -MF"main.d" -MT"main.o" -c -o "main.o" "../main.c"
In file included from ../main.c:9:
d:/iti es basics/softwares/01- imt sdk/imt_sdk_win_32/winavr/lib/gcc/../../avr/include/util/delay.h:90:3: warning: #warning "Compiler optimizations disabled; functions from <util/delay.h> won't work as designed"
Finished building: ../main.c
 
Building target: traffic_light_with_7seg.elf
Invoking: AVR C Linker
avr-gcc -Wl,-Map,traffic_light_with_7seg.map -mmcu=atmega32 -o "traffic_light_with_7seg.elf"  ./main.o   
Finished building target: traffic_light_with_7seg.elf
 
Invoking: AVR Create Extended Listing
avr-objdump -h -S traffic_light_with_7seg.elf  >"traffic_light_with_7seg.lss"
Finished building: traffic_light_with_7seg.lss
 
Create Flash image (ihex format)
avr-objcopy -R .eeprom -R .fuse -R .lock -R .signature -O ihex traffic_light_with_7seg.elf  "traffic_light_with_7seg.hex"
Finished building: traffic_light_with_7seg.hex
 
Invoking: Print Size
avr-size --format=avr --mcu=atmega32 traffic_light_with_7seg.elf
AVR Memory Usage
----------------
Device: atmega32

Program:    6858 bytes (20.9% Full)
(.text + .data + .bootloader)

Data:          8 bytes (0.4% Full)
(.data + .bss + .noinit)


Finished building: sizedummy
 
16:44:07 **** Incremental Build of configuration Debug for project 01_test ****
make all 
Invoking: Print Size
avr-size --format=avr --mcu=atmega32 01_test.elf
AVR Memory Usage
----------------
Device: atmega32

Program:    3284 bytes (10.0% Full)
(.text + .data + .bootloader)

Data:          8 bytes (0.4% Full)
(.data + .bss + .noinit)


Finished building: sizedummy
 
16:44:14 **** Incremental Build of configuration Debug for project traffic_light_with_7seg ****
make all 
Building file: ../main.c
Invoking: AVR Compiler
avr-gcc -Wall -g2 -gstabs -O0 -fpack-struct -fshort-enums -ffunction-sections -fdata-sections -std=gnu99 -funsigned-char -funsigned-bitfields -mmcu=atmega32 -DF_CPU=8000000UL -MMD -MP -MF"main.d" -MT"main.o" -c -o "main.o" "../main.c"
In file included from ../main.c:10:
d:/iti es basics/softwares/01- imt sdk/imt_sdk_win_32/winavr/lib/gcc/../../avr/include/util/delay.h:90:3: warning: #warning "Compiler optimizations disabled; functions from <util/delay.h> won't work as designed"
../main.c: In function 'main':
../main.c:27: error: 'uint_8' undeclared (first use in this function)
../main.c:27: error: (Each undeclared identifier is reported only once
../main.c:27: error: for each function it appears in.)
../main.c:27: error: expected ';' before 'seg'
../main.c:36: error: 'seg' undeclared (first use in this function)
make: *** [main.o] Error 1
16:46:14 **** Incremental Build of configuration Debug for project 01_test ****
make all 
Invoking: Print Size
avr-size --format=avr --mcu=atmega32 01_test.elf
AVR Memory Usage
----------------
Device: atmega32

Program:    3284 bytes (10.0% Full)
(.text + .data + .bootloader)

Data:          8 bytes (0.4% Full)
(.data + .bss + .noinit)


Finished building: sizedummy
 
16:46:15 **** Incremental Build of configuration Debug for project traffic_light_with_7seg ****
make all 
Building file: ../main.c
Invoking: AVR Compiler
avr-gcc -Wall -g2 -gstabs -O0 -fpack-struct -fshort-enums -ffunction-sections -fdata-sections -std=gnu99 -funsigned-char -funsigned-bitfields -mmcu=atmega32 -DF_CPU=8000000UL -MMD -MP -MF"main.d" -MT"main.o" -c -o "main.o" "../main.c"
In file included from ../main.c:10:
d:/iti es basics/softwares/01- imt sdk/imt_sdk_win_32/winavr/lib/gcc/../../avr/include/util/delay.h:90:3: warning: #warning "Compiler optimizations disabled; functions from <util/delay.h> won't work as designed"
Finished building: ../main.c
 
Building target: traffic_light_with_7seg.elf
Invoking: AVR C Linker
avr-gcc -Wl,-Map,traffic_light_with_7seg.map -mmcu=atmega32 -o "traffic_light_with_7seg.elf"  ./main.o   
Finished building target: traffic_light_with_7seg.elf
 
Invoking: AVR Create Extended Listing
avr-objdump -h -S traffic_light_with_7seg.elf  >"traffic_light_with_7seg.lss"
Finished building: traffic_light_with_7seg.lss
 
Create Flash image (ihex format)
avr-objcopy -R .eeprom -R .fuse -R .lock -R .signature -O ihex traffic_light_with_7seg.elf  "traffic_light_with_7seg.hex"
Finished building: traffic_light_with_7seg.hex
 
Invoking: Print Size
avr-size --format=avr --mcu=atmega32 traffic_light_with_7seg.elf
AVR Memory Usage
----------------
Device: atmega32

Program:    5430 bytes (16.6% Full)
(.text + .data + .bootloader)

Data:         18 bytes (0.9% Full)
(.data + .bss + .noinit)


Finished building: sizedummy
 
16:48:16 **** Incremental Build of configuration Debug for project 01_test ****
make all 
Invoking: Print Size
avr-size --format=avr --mcu=atmega32 01_test.elf
AVR Memory Usage
----------------
Device: atmega32

Program:    3284 bytes (10.0% Full)
(.text + .data + .bootloader)

Data:          8 bytes (0.4% Full)
(.data + .bss + .noinit)


Finished building: sizedummy
 
16:48:17 **** Incremental Build of configuration Debug for project traffic_light_with_7seg ****
make all 
Building file: ../main.c
Invoking: AVR Compiler
avr-gcc -Wall -g2 -gstabs -O0 -fpack-struct -fshort-enums -ffunction-sections -fdata-sections -std=gnu99 -funsigned-char -funsigned-bitfields -mmcu=atmega32 -DF_CPU=8000000UL -MMD -MP -MF"main.d" -MT"main.o" -c -o "main.o" "../main.c"
In file included from ../main.c:10:
d:/iti es basics/softwares/01- imt sdk/imt_sdk_win_32/winavr/lib/gcc/../../avr/include/util/delay.h:90:3: warning: #warning "Compiler optimizations disabled; functions from <util/delay.h> won't work as designed"
Finished building: ../main.c
 
Building target: traffic_light_with_7seg.elf
Invoking: AVR C Linker
avr-gcc -Wl,-Map,traffic_light_with_7seg.map -mmcu=atmega32 -o "traffic_light_with_7seg.elf"  ./main.o   
Finished building target: traffic_light_with_7seg.elf
 
Invoking: AVR Create Extended Listing
avr-objdump -h -S traffic_light_with_7seg.elf  >"traffic_light_with_7seg.lss"
Finished building: traffic_light_with_7seg.lss
 
Create Flash image (ihex format)
avr-objcopy -R .eeprom -R .fuse -R .lock -R .signature -O ihex traffic_light_with_7seg.elf  "traffic_light_with_7seg.hex"
Finished building: traffic_light_with_7seg.hex
 
Invoking: Print Size
avr-size --format=avr --mcu=atmega32 traffic_light_with_7seg.elf
AVR Memory Usage
----------------
Device: atmega32

Program:    5438 bytes (16.6% Full)
(.text + .data + .bootloader)

Data:         18 bytes (0.9% Full)
(.data + .bss + .noinit)


Finished building: sizedummy
 
16:49:36 **** Incremental Build of configuration Debug for project 01_test ****
make all 
Invoking: Print Size
avr-size --format=avr --mcu=atmega32 01_test.elf
AVR Memory Usage
----------------
Device: atmega32

Program:    3284 bytes (10.0% Full)
(.text + .data + .bootloader)

Data:          8 bytes (0.4% Full)
(.data + .bss + .noinit)


Finished building: sizedummy
 
16:49:37 **** Incremental Build of configuration Debug for project traffic_light_with_7seg ****
make all 
Building file: ../main.c
Invoking: AVR Compiler
avr-gcc -Wall -g2 -gstabs -O0 -fpack-struct -fshort-enums -ffunction-sections -fdata-sections -std=gnu99 -funsigned-char -funsigned-bitfields -mmcu=atmega32 -DF_CPU=8000000UL -MMD -MP -MF"main.d" -MT"main.o" -c -o "main.o" "../main.c"
In file included from ../main.c:10:
d:/iti es basics/softwares/01- imt sdk/imt_sdk_win_32/winavr/lib/gcc/../../avr/include/util/delay.h:90:3: warning: #warning "Compiler optimizations disabled; functions from <util/delay.h> won't work as designed"
Finished building: ../main.c
 
Building target: traffic_light_with_7seg.elf
Invoking: AVR C Linker
avr-gcc -Wl,-Map,traffic_light_with_7seg.map -mmcu=atmega32 -o "traffic_light_with_7seg.elf"  ./main.o   
Finished building target: traffic_light_with_7seg.elf
 
Invoking: AVR Create Extended Listing
avr-objdump -h -S traffic_light_with_7seg.elf  >"traffic_light_with_7seg.lss"
Finished building: traffic_light_with_7seg.lss
 
Create Flash image (ihex format)
avr-objcopy -R .eeprom -R .fuse -R .lock -R .signature -O ihex traffic_light_with_7seg.elf  "traffic_light_with_7seg.hex"
Finished building: traffic_light_with_7seg.hex
 
Invoking: Print Size
avr-size --format=avr --mcu=atmega32 traffic_light_with_7seg.elf
AVR Memory Usage
----------------
Device: atmega32

Program:    5446 bytes (16.6% Full)
(.text + .data + .bootloader)

Data:         18 bytes (0.9% Full)
(.data + .bss + .noinit)


Finished building: sizedummy
 
16:51:24 **** Incremental Build of configuration Debug for project 01_test ****
make all 
Invoking: Print Size
avr-size --format=avr --mcu=atmega32 01_test.elf
AVR Memory Usage
----------------
Device: atmega32

Program:    3284 bytes (10.0% Full)
(.text + .data + .bootloader)

Data:          8 bytes (0.4% Full)
(.data + .bss + .noinit)


Finished building: sizedummy
 
16:51:25 **** Incremental Build of configuration Debug for project traffic_light_with_7seg ****
make all 
Building file: ../main.c
Invoking: AVR Compiler
avr-gcc -Wall -g2 -gstabs -O0 -fpack-struct -fshort-enums -ffunction-sections -fdata-sections -std=gnu99 -funsigned-char -funsigned-bitfields -mmcu=atmega32 -DF_CPU=8000000UL -MMD -MP -MF"main.d" -MT"main.o" -c -o "main.o" "../main.c"
In file included from ../main.c:10:
d:/iti es basics/softwares/01- imt sdk/imt_sdk_win_32/winavr/lib/gcc/../../avr/include/util/delay.h:90:3: warning: #warning "Compiler optimizations disabled; functions from <util/delay.h> won't work as designed"
Finished building: ../main.c
 
Building target: traffic_light_with_7seg.elf
Invoking: AVR C Linker
avr-gcc -Wl,-Map,traffic_light_with_7seg.map -mmcu=atmega32 -o "traffic_light_with_7seg.elf"  ./main.o   
Finished building target: traffic_light_with_7seg.elf
 
Invoking: AVR Create Extended Listing
avr-objdump -h -S traffic_light_with_7seg.elf  >"traffic_light_with_7seg.lss"
Finished building: traffic_light_with_7seg.lss
 
Create Flash image (ihex format)
avr-objcopy -R .eeprom -R .fuse -R .lock -R .signature -O ihex traffic_light_with_7seg.elf  "traffic_light_with_7seg.hex"
Finished building: traffic_light_with_7seg.hex
 
Invoking: Print Size
avr-size --format=avr --mcu=atmega32 traffic_light_with_7seg.elf
AVR Memory Usage
----------------
Device: atmega32

Program:    5456 bytes (16.7% Full)
(.text + .data + .bootloader)

Data:         18 bytes (0.9% Full)
(.data + .bss + .noinit)


Finished building: sizedummy
 
16:53:06 **** Incremental Build of configuration Debug for project 01_test ****
make all 
Invoking: Print Size
avr-size --format=avr --mcu=atmega32 01_test.elf
AVR Memory Usage
----------------
Device: atmega32

Program:    3284 bytes (10.0% Full)
(.text + .data + .bootloader)

Data:          8 bytes (0.4% Full)
(.data + .bss + .noinit)


Finished building: sizedummy
 
16:53:07 **** Incremental Build of configuration Debug for project traffic_light_with_7seg ****
make all 
Building file: ../main.c
Invoking: AVR Compiler
avr-gcc -Wall -g2 -gstabs -O0 -fpack-struct -fshort-enums -ffunction-sections -fdata-sections -std=gnu99 -funsigned-char -funsigned-bitfields -mmcu=atmega32 -DF_CPU=8000000UL -MMD -MP -MF"main.d" -MT"main.o" -c -o "main.o" "../main.c"
In file included from ../main.c:10:
d:/iti es basics/softwares/01- imt sdk/imt_sdk_win_32/winavr/lib/gcc/../../avr/include/util/delay.h:90:3: warning: #warning "Compiler optimizations disabled; functions from <util/delay.h> won't work as designed"
Finished building: ../main.c
 
Building target: traffic_light_with_7seg.elf
Invoking: AVR C Linker
avr-gcc -Wl,-Map,traffic_light_with_7seg.map -mmcu=atmega32 -o "traffic_light_with_7seg.elf"  ./main.o   
Finished building target: traffic_light_with_7seg.elf
 
Invoking: AVR Create Extended Listing
avr-objdump -h -S traffic_light_with_7seg.elf  >"traffic_light_with_7seg.lss"
Finished building: traffic_light_with_7seg.lss
 
Create Flash image (ihex format)
avr-objcopy -R .eeprom -R .fuse -R .lock -R .signature -O ihex traffic_light_with_7seg.elf  "traffic_light_with_7seg.hex"
Finished building: traffic_light_with_7seg.hex
 
Invoking: Print Size
avr-size --format=avr --mcu=atmega32 traffic_light_with_7seg.elf
AVR Memory Usage
----------------
Device: atmega32

Program:    5464 bytes (16.7% Full)
(.text + .data + .bootloader)

Data:         18 bytes (0.9% Full)
(.data + .bss + .noinit)


Finished building: sizedummy
 
