16:53:07 **** Incremental Build of configuration Debug for project traffic_light_with_7seg ****
make all 
Building file: ../main.c
Invoking: AVR Compiler
avr-gcc -Wall -g2 -gstabs -O0 -fpack-struct -fshort-enums -ffunction-sections -fdata-sections -std=gnu99 -funsigned-char -funsigned-bitfields -mmcu=atmega32 -DF_CPU=8000000UL -MMD -MP -MF"main.d" -MT"main.o" -c -o "main.o" "../main.c"
In file included from ../main.c:10:
d:/iti es basics/softwares/01- imt sdk/imt_sdk_win_32/winavr/lib/gcc/../../avr/include/util/delay.h:90:3: warning: #warning "Compiler optimizations disabled; functions from <util/delay.h> won't work as designed"
Finished building: ../main.c
 
Building target: traffic_light_with_7seg.elf
Invoking: AVR C Linker
avr-gcc -Wl,-Map,traffic_light_with_7seg.map -mmcu=atmega32 -o "traffic_light_with_7seg.elf"  ./main.o   
Finished building target: traffic_light_with_7seg.elf
 
Invoking: AVR Create Extended Listing
avr-objdump -h -S traffic_light_with_7seg.elf  >"traffic_light_with_7seg.lss"
Finished building: traffic_light_with_7seg.lss
 
Create Flash image (ihex format)
avr-objcopy -R .eeprom -R .fuse -R .lock -R .signature -O ihex traffic_light_with_7seg.elf  "traffic_light_with_7seg.hex"
Finished building: traffic_light_with_7seg.hex
 
Invoking: Print Size
avr-size --format=avr --mcu=atmega32 traffic_light_with_7seg.elf
AVR Memory Usage
----------------
Device: atmega32

Program:    5464 bytes (16.7% Full)
(.text + .data + .bootloader)

Data:         18 bytes (0.9% Full)
(.data + .bss + .noinit)


Finished building: sizedummy
 

16:53:09 Build Finished (took 1s.904ms)

